2026-03-16 19:28:22,016 [INFO] Activator:176 - 


2026-03-16 19:28:22,019 [INFO] Activator:177 - !SESSION log4j initialized
2026-03-16 19:28:26,683 [INFO] LogOutputStream:77 - [STDOUT_REDIRECT] 
2026-03-16 19:28:34,206 [INFO] ApplicationProperties:184 - Using Application install path: C:\ST\STM32CubeIDE_1.19.0\STM32CubeIDE\plugins\com.st.stm32cube.common.mx_6.15.0.202507011659
2026-03-16 19:28:34,235 [INFO] DbMcusXml:78 - Set database path to: C:\ST\STM32CubeIDE_1.19.0\STM32CubeIDE\plugins\com.st.stm32cube.common.mx_6.15.0.202507011659\\db\/mcu/
2026-03-16 19:28:34,236 [INFO] ApiDb:274 - Set plugin database path to: C:\ST\STM32CubeIDE_1.19.0\STM32CubeIDE\plugins\com.st.stm32cube.common.mx_6.15.0.202507011659\\db\/plugins/boardmanager/
2026-03-16 19:28:34,241 [WARN] ApiDb:259 - Overriding images path with different value:  => C:\ST\STM32CubeIDE_1.19.0\STM32CubeIDE\plugins\com.st.stm32cube.common.mx_6.15.0.202507011659\\db\/plugins/mcufinder/images/
2026-03-16 19:28:34,255 [INFO] ApiDb:250 - Set database path to: C:\Users\Kinga1606\.stmcufinder\plugins\mcufinder//mcu/
2026-03-16 19:28:34,258 [INFO] DbMcusAds:125 - Set database path to: C:\Users\Kinga1606\.stmcufinder\plugins\mcufinder//mcu/
2026-03-16 19:28:34,261 [INFO] CrossReferenceDbSqlite:203 - Set database path to: C:\Users\Kinga1606\.stmcufinder\plugins\mcufinder//mcu/cs/
2026-03-16 19:28:34,528 [INFO] RulesReader:64 - Compatibility file has been processed (317 Rules)
2026-03-16 19:28:34,678 [INFO] DbMcusXml:78 - Set database path to: C:\ST\STM32CubeIDE_1.19.0\STM32CubeIDE\plugins\com.st.stm32cube.common.mx_6.15.0.202507011659\\db\/mcu/
2026-03-16 19:28:34,678 [INFO] ApiDb:274 - Set plugin database path to: C:\ST\STM32CubeIDE_1.19.0\STM32CubeIDE\plugins\com.st.stm32cube.common.mx_6.15.0.202507011659\\db\/plugins/boardmanager/
2026-03-16 19:28:34,678 [INFO] ApiDb:261 - Set plugin images path to: C:\ST\STM32CubeIDE_1.19.0\STM32CubeIDE\plugins\com.st.stm32cube.common.mx_6.15.0.202507011659\\db\/plugins/mcufinder/images/
2026-03-16 19:28:34,678 [WARN] DbFile:41 - Overriding database path with different value: C:\Users\Kinga1606\.stmcufinder\plugins\mcufinder/ => C:\Users\Kinga1606\.stmcufinder\plugins\mcufinder
2026-03-16 19:28:34,678 [INFO] ApiDb:250 - Set database path to: C:\Users\Kinga1606\.stmcufinder\plugins\mcufinder//mcu/
2026-03-16 19:28:34,678 [WARN] DbFile:41 - Overriding database path with different value: C:\Users\Kinga1606\.stmcufinder\plugins\mcufinder/ => C:\Users\Kinga1606\.stmcufinder\plugins\mcufinder
2026-03-16 19:28:34,678 [INFO] DbMcusAds:125 - Set database path to: C:\Users\Kinga1606\.stmcufinder\plugins\mcufinder//mcu/
2026-03-16 19:28:34,678 [WARN] DbFile:41 - Overriding database path with different value: C:\Users\Kinga1606\.stmcufinder\plugins\mcufinder/ => C:\Users\Kinga1606\.stmcufinder\plugins\mcufinder
2026-03-16 19:28:34,678 [WARN] DbFile:41 - Overriding database path with different value: C:\Users\Kinga1606\.stmcufinder\plugins\mcufinder/ => C:\Users\Kinga1606\.stmcufinder\plugins\mcufinder
2026-03-16 19:28:34,679 [INFO] CrossReferenceDbSqlite:203 - Set database path to: C:\Users\Kinga1606\.stmcufinder\plugins\mcufinder//mcu/cs/
2026-03-16 19:28:34,837 [INFO] MainPanel:274 - HeapMemory: 268435456
2026-03-16 19:28:35,019 [INFO] DbMcusXml:78 - Set database path to: C:\ST\STM32CubeIDE_1.19.0\STM32CubeIDE\plugins\com.st.stm32cube.common.mx_6.15.0.202507011659\\db\/mcu/
2026-03-16 19:28:35,019 [INFO] ApiDb:274 - Set plugin database path to: C:\ST\STM32CubeIDE_1.19.0\STM32CubeIDE\plugins\com.st.stm32cube.common.mx_6.15.0.202507011659\\db\/plugins/boardmanager/
2026-03-16 19:28:35,020 [INFO] ApiDb:261 - Set plugin images path to: C:\ST\STM32CubeIDE_1.19.0\STM32CubeIDE\plugins\com.st.stm32cube.common.mx_6.15.0.202507011659\\db\/plugins/mcufinder/images/
2026-03-16 19:28:35,021 [WARN] DbFile:41 - Overriding database path with different value: C:\Users\Kinga1606\.stmcufinder\plugins\mcufinder/ => C:\Users\Kinga1606\.stmcufinder\plugins\mcufinder
2026-03-16 19:28:35,021 [INFO] ApiDb:250 - Set database path to: C:\Users\Kinga1606\.stmcufinder\plugins\mcufinder//mcu/
2026-03-16 19:28:35,021 [WARN] DbFile:41 - Overriding database path with different value: C:\Users\Kinga1606\.stmcufinder\plugins\mcufinder/ => C:\Users\Kinga1606\.stmcufinder\plugins\mcufinder
2026-03-16 19:28:35,022 [INFO] DbMcusAds:125 - Set database path to: C:\Users\Kinga1606\.stmcufinder\plugins\mcufinder//mcu/
2026-03-16 19:28:35,022 [WARN] DbFile:41 - Overriding database path with different value: C:\Users\Kinga1606\.stmcufinder\plugins\mcufinder/ => C:\Users\Kinga1606\.stmcufinder\plugins\mcufinder
2026-03-16 19:28:35,022 [WARN] DbFile:41 - Overriding database path with different value: C:\Users\Kinga1606\.stmcufinder\plugins\mcufinder/ => C:\Users\Kinga1606\.stmcufinder\plugins\mcufinder
2026-03-16 19:28:35,022 [INFO] CrossReferenceDbSqlite:203 - Set database path to: C:\Users\Kinga1606\.stmcufinder\plugins\mcufinder//mcu/cs/
2026-03-16 19:28:35,071 [INFO] ApplicationProperties:184 - Using Application install path: C:\ST\STM32CubeIDE_1.19.0\STM32CubeIDE\plugins\com.st.stm32cube.common.mx_6.15.0.202507011659
2026-03-16 19:28:35,075 [INFO] PluginManage:196 - Search for loadable plugins [exclusion list=, ]
2026-03-16 19:28:35,078 [INFO] PluginManage:310 - Check plugin analytics
2026-03-16 19:28:40,557 [INFO] AnalyticsPlugin:253 - Accepted Software Licenses: 
2026-03-16 19:28:40,558 [INFO] AnalyticsPlugin:255 - Accepted CMSIS Pack Licenses: 
2026-03-16 19:28:40,558 [INFO] AnalyticsPlugin:257 - Accepted Firmware Licenses: FW.L4.1.18.0,FW.H7.1.12.0
2026-03-16 19:28:40,567 [INFO] PluginManage:359 - Loaded plugin analytics (category:tool,tabindex:-1)
2026-03-16 19:28:40,568 [INFO] PluginManage:310 - Check plugin cadmodel
2026-03-16 19:28:40,578 [INFO] CADModel:105 - Init CAD model plugin
2026-03-16 19:28:40,578 [INFO] PluginManage:359 - Loaded plugin cadmodel (category:power,tabindex:5)
2026-03-16 19:28:40,579 [INFO] PluginManage:310 - Check plugin clock
2026-03-16 19:28:40,593 [INFO] PluginManage:359 - Loaded plugin clock (category:base,tabindex:2)
2026-03-16 19:28:40,593 [INFO] PluginManage:310 - Check plugin ddr
2026-03-16 19:28:40,598 [INFO] PluginManage:359 - Loaded plugin ddr (category:tool,tabindex:6)
2026-03-16 19:28:40,599 [INFO] PluginManage:310 - Check plugin filemanager
2026-03-16 19:28:40,798 [INFO] PluginManage:359 - Loaded plugin filemanager (category:base,tabindex:10)
2026-03-16 19:28:40,799 [INFO] PluginManage:310 - Check plugin ipmanager
2026-03-16 19:28:40,811 [INFO] PluginManage:359 - Loaded plugin ipmanager (category:base,tabindex:5)
2026-03-16 19:28:40,811 [INFO] PluginManage:310 - Check plugin lpbam
2026-03-16 19:28:40,822 [INFO] PluginManage:359 - Loaded plugin lpbam (category:base,tabindex:0)
2026-03-16 19:28:40,822 [INFO] PluginManage:310 - Check plugin memorymap
2026-03-16 19:28:40,838 [INFO] PluginManage:359 - Loaded plugin memorymap (category:base,tabindex:4)
2026-03-16 19:28:40,838 [INFO] PluginManage:310 - Check plugin pinoutandconfiguration
2026-03-16 19:28:40,848 [INFO] PluginManage:359 - Loaded plugin pinoutandconfiguration (category:base,tabindex:1)
2026-03-16 19:28:40,848 [INFO] PluginManage:310 - Check plugin pinoutconfig
2026-03-16 19:28:40,956 [WARN] SupportedApi:132 - Cannot load RTOS API schema: s4s-elt-must-match.1: The content of 'definitions' must match (annotation?, (simpleType | complexType)?, (unique | key | keyref)*)). A problem was found starting at: attribute.
2026-03-16 19:28:41,163 [INFO] PluginManage:359 - Loaded plugin pinoutconfig (category:base,tabindex:0)
2026-03-16 19:28:41,163 [INFO] PluginManage:310 - Check plugin power
2026-03-16 19:28:41,182 [INFO] PluginManage:359 - Loaded plugin power (category:power,tabindex:4)
2026-03-16 19:28:41,182 [INFO] PluginManage:310 - Check plugin projectmanager
2026-03-16 19:28:41,205 [INFO] PluginManage:359 - Loaded plugin projectmanager (category:projectmanager,tabindex:4)
2026-03-16 19:28:41,205 [INFO] PluginManage:310 - Check plugin rif
2026-03-16 19:28:41,219 [INFO] PluginManage:359 - Loaded plugin rif (category:base,tabindex:3)
2026-03-16 19:28:41,220 [INFO] PluginManage:310 - Check plugin thirdparty
2026-03-16 19:28:41,557 [INFO] PluginManage:359 - Loaded plugin thirdparty (category:base,tabindex:-1)
2026-03-16 19:28:41,557 [WARN] IntegrityCheckThread:84 - waiting for thirdparty lock release [integrity check]
2026-03-16 19:28:41,557 [INFO] PluginManage:310 - Check plugin tools
2026-03-16 19:28:41,558 [INFO] IntegrityCheckThread:86 - entering critical section [integrity check]
2026-03-16 19:28:41,558 [INFO] ThirdPartyUpdaterWithRetryManager:70 - Updater plugin not ready yet. [1/15]
2026-03-16 19:28:41,561 [INFO] PluginManage:359 - Loaded plugin tools (category:base,tabindex:7)
2026-03-16 19:28:41,561 [INFO] PluginManage:310 - Check plugin tutovideos
2026-03-16 19:28:41,945 [INFO] PluginManage:359 - Loaded plugin tutovideos (category:base,tabindex:-1)
2026-03-16 19:28:41,946 [INFO] PluginManage:310 - Check plugin updater
2026-03-16 19:28:41,975 [INFO] PluginManage:359 - Loaded plugin updater (category:base,tabindex:12)
2026-03-16 19:28:41,975 [INFO] PluginManage:310 - Check plugin userauth
2026-03-16 19:28:41,982 [INFO] UserAuth:118 - Init User Auth plugin
2026-03-16 19:28:41,983 [INFO] PluginManage:359 - Loaded plugin userauth (category:base,tabindex:14)
2026-03-16 19:28:41,984 [INFO] PluginManage:283 - PluginManage : Loaded plugins [18]
2026-03-16 19:28:42,514 [INFO] PinOutPanel:1589 - setPackage(No Configuration,No Configuration)
2026-03-16 19:28:42,670 [INFO] CADModel:165 - CPN selected for project level
2026-03-16 19:28:42,671 [INFO] CADModel:114 - Register for checkConnection events
2026-03-16 19:28:42,695 [INFO] IPUIPlugin:80 - create IPUIPlugin
2026-03-16 19:28:42,696 [INFO] PluginManager:220 - loadIPPluginJar : add adc
2026-03-16 19:28:42,699 [INFO] IPUIPlugin:80 - create IPUIPlugin
2026-03-16 19:28:42,700 [INFO] PluginManager:220 - loadIPPluginJar : add aes
2026-03-16 19:28:42,704 [INFO] IPUIPlugin:80 - create IPUIPlugin
2026-03-16 19:28:42,705 [INFO] PluginManager:220 - loadIPPluginJar : add can
2026-03-16 19:28:42,708 [INFO] IPUIPlugin:80 - create IPUIPlugin
2026-03-16 19:28:42,708 [INFO] PluginManager:220 - loadIPPluginJar : add comp
2026-03-16 19:28:42,714 [INFO] IPUIPlugin:80 - create IPUIPlugin
2026-03-16 19:28:42,714 [INFO] PluginManager:220 - loadIPPluginJar : add cryp
2026-03-16 19:28:42,719 [INFO] IPUIPlugin:80 - create IPUIPlugin
2026-03-16 19:28:42,719 [INFO] PluginManager:220 - loadIPPluginJar : add ddr_ctrl_phy
2026-03-16 19:28:42,724 [INFO] IPUIPlugin:80 - create IPUIPlugin
2026-03-16 19:28:42,725 [INFO] PluginManager:220 - loadIPPluginJar : add dfsdm
2026-03-16 19:28:42,732 [INFO] IPUIPlugin:80 - create IPUIPlugin
2026-03-16 19:28:42,733 [INFO] PluginManager:220 - loadIPPluginJar : add dma
2026-03-16 19:28:42,737 [INFO] IPUIPlugin:80 - create IPUIPlugin
2026-03-16 19:28:42,737 [INFO] PluginManager:220 - loadIPPluginJar : add dma3
2026-03-16 19:28:42,743 [INFO] IPUIPlugin:80 - create IPUIPlugin
2026-03-16 19:28:42,743 [INFO] PluginManager:220 - loadIPPluginJar : add extmemmanager
2026-03-16 19:28:42,745 [INFO] IPUIPlugin:80 - create IPUIPlugin
2026-03-16 19:28:42,745 [INFO] PluginManager:220 - loadIPPluginJar : add fatfs
2026-03-16 19:28:42,752 [INFO] IPUIPlugin:80 - create IPUIPlugin
2026-03-16 19:28:42,753 [INFO] PluginManager:220 - loadIPPluginJar : add fmc
2026-03-16 19:28:42,867 [INFO] IPUIPlugin:80 - create IPUIPlugin
2026-03-16 19:28:42,867 [INFO] PluginManager:220 - loadIPPluginJar : add freertos
2026-03-16 19:28:42,871 [INFO] IPUIPlugin:80 - create IPUIPlugin
2026-03-16 19:28:42,871 [INFO] PluginManager:220 - loadIPPluginJar : add genericplugin
2026-03-16 19:28:42,878 [INFO] IPUIPlugin:80 - create IPUIPlugin
2026-03-16 19:28:42,878 [INFO] PluginManager:220 - loadIPPluginJar : add gfxmmu
2026-03-16 19:28:42,915 [INFO] IPUIPlugin:80 - create IPUIPlugin
2026-03-16 19:28:42,915 [INFO] PluginManager:220 - loadIPPluginJar : add gic
2026-03-16 19:28:42,923 [INFO] IPUIPlugin:80 - create IPUIPlugin
2026-03-16 19:28:42,923 [INFO] PluginManager:220 - loadIPPluginJar : add gpio
2026-03-16 19:28:42,928 [INFO] IPUIPlugin:80 - create IPUIPlugin
2026-03-16 19:28:42,928 [INFO] PluginManager:220 - loadIPPluginJar : add gtzc
2026-03-16 19:28:42,933 [INFO] IPUIPlugin:80 - create IPUIPlugin
2026-03-16 19:28:42,933 [INFO] PluginManager:220 - loadIPPluginJar : add hash
2026-03-16 19:28:42,937 [INFO] IPUIPlugin:80 - create IPUIPlugin
2026-03-16 19:28:42,937 [INFO] PluginManager:220 - loadIPPluginJar : add i2c
2026-03-16 19:28:42,941 [INFO] IPUIPlugin:80 - create IPUIPlugin
2026-03-16 19:28:42,942 [INFO] PluginManager:220 - loadIPPluginJar : add i2s
2026-03-16 19:28:42,947 [INFO] IPUIPlugin:80 - create IPUIPlugin
2026-03-16 19:28:42,948 [INFO] PluginManager:220 - loadIPPluginJar : add i3c
2026-03-16 19:28:42,951 [INFO] IPUIPlugin:80 - create IPUIPlugin
2026-03-16 19:28:42,952 [INFO] PluginManager:220 - loadIPPluginJar : add ipddr
2026-03-16 19:28:42,959 [INFO] IPUIPlugin:80 - create IPUIPlugin
2026-03-16 19:28:42,960 [INFO] PluginManager:220 - loadIPPluginJar : add linkedlist
2026-03-16 19:28:42,965 [INFO] IPUIPlugin:80 - create IPUIPlugin
2026-03-16 19:28:42,965 [INFO] PluginManager:220 - loadIPPluginJar : add lorawan
2026-03-16 19:28:42,967 [INFO] IPUIPlugin:80 - create IPUIPlugin
2026-03-16 19:28:42,967 [INFO] PluginManager:220 - loadIPPluginJar : add ltdc
2026-03-16 19:28:42,975 [INFO] IPUIPlugin:80 - create IPUIPlugin
2026-03-16 19:28:42,975 [INFO] PluginManager:220 - loadIPPluginJar : add mdma
2026-03-16 19:28:42,981 [INFO] IPUIPlugin:80 - create IPUIPlugin
2026-03-16 19:28:42,981 [INFO] PluginManager:220 - loadIPPluginJar : add nvic
2026-03-16 19:28:42,986 [INFO] IPUIPlugin:80 - create IPUIPlugin
2026-03-16 19:28:42,986 [INFO] PluginManager:220 - loadIPPluginJar : add opamp
2026-03-16 19:28:42,991 [INFO] IPUIPlugin:80 - create IPUIPlugin
2026-03-16 19:28:42,992 [INFO] PluginManager:220 - loadIPPluginJar : add openamp
2026-03-16 19:28:42,996 [INFO] IPUIPlugin:80 - create IPUIPlugin
2026-03-16 19:28:42,996 [INFO] PluginManager:220 - loadIPPluginJar : add pdm2pcm
2026-03-16 19:28:43,003 [INFO] IPUIPlugin:80 - create IPUIPlugin
2026-03-16 19:28:43,006 [INFO] PluginManager:220 - loadIPPluginJar : add plateformsettings
2026-03-16 19:28:43,008 [INFO] IPUIPlugin:80 - create IPUIPlugin
2026-03-16 19:28:43,008 [INFO] PluginManager:220 - loadIPPluginJar : add quadspi
2026-03-16 19:28:43,011 [INFO] IPUIPlugin:80 - create IPUIPlugin
2026-03-16 19:28:43,013 [INFO] PluginManager:220 - loadIPPluginJar : add radio
2026-03-16 19:28:43,018 [INFO] IPUIPlugin:80 - create IPUIPlugin
2026-03-16 19:28:43,018 [INFO] PluginManager:220 - loadIPPluginJar : add resmgrutility
2026-03-16 19:28:43,025 [INFO] IPUIPlugin:80 - create IPUIPlugin
2026-03-16 19:28:43,025 [INFO] PluginManager:220 - loadIPPluginJar : add sai
2026-03-16 19:28:43,029 [INFO] IPUIPlugin:80 - create IPUIPlugin
2026-03-16 19:28:43,029 [INFO] PluginManager:220 - loadIPPluginJar : add spi
2026-03-16 19:28:43,037 [INFO] IPUIPlugin:80 - create IPUIPlugin
2026-03-16 19:28:43,037 [INFO] PluginManager:220 - loadIPPluginJar : add stm32_wpan
2026-03-16 19:28:43,040 [INFO] IPUIPlugin:80 - create IPUIPlugin
2026-03-16 19:28:43,040 [INFO] PluginManager:220 - loadIPPluginJar : add tim
2026-03-16 19:28:43,045 [INFO] IPUIPlugin:80 - create IPUIPlugin
2026-03-16 19:28:43,045 [INFO] PluginManager:220 - loadIPPluginJar : add touchsensing
2026-03-16 19:28:43,049 [INFO] IPUIPlugin:80 - create IPUIPlugin
2026-03-16 19:28:43,049 [INFO] PluginManager:220 - loadIPPluginJar : add tracer_emb
2026-03-16 19:28:43,052 [INFO] IPUIPlugin:80 - create IPUIPlugin
2026-03-16 19:28:43,052 [INFO] PluginManager:220 - loadIPPluginJar : add ts
2026-03-16 19:28:43,054 [INFO] IPUIPlugin:80 - create IPUIPlugin
2026-03-16 19:28:43,055 [INFO] PluginManager:220 - loadIPPluginJar : add tsc
2026-03-16 19:28:43,057 [INFO] IPUIPlugin:80 - create IPUIPlugin
2026-03-16 19:28:43,058 [INFO] PluginManager:220 - loadIPPluginJar : add ucpd
2026-03-16 19:28:43,061 [INFO] IPUIPlugin:80 - create IPUIPlugin
2026-03-16 19:28:43,061 [INFO] PluginManager:220 - loadIPPluginJar : add usart
2026-03-16 19:28:43,065 [INFO] IPUIPlugin:80 - create IPUIPlugin
2026-03-16 19:28:43,066 [INFO] PluginManager:220 - loadIPPluginJar : add usbx
2026-03-16 19:28:43,228 [FATAL] Updater:351 - Updater called before beeing initialized
2026-03-16 19:28:43,267 [INFO] RulesReader:64 - Compatibility file has been processed (317 Rules)
2026-03-16 19:28:43,288 [INFO] RulesReader:64 - Compatibility file has been processed (317 Rules)
2026-03-16 19:28:43,304 [INFO] CADModel:165 - CPN selected for project level
2026-03-16 19:28:43,304 [INFO] CADModel:114 - Register for checkConnection events
2026-03-16 19:28:43,305 [FATAL] Updater:351 - Updater called before beeing initialized
2026-03-16 19:28:43,305 [ERROR] CADModel:125 - Updater not yet initialized, retry later 
2026-03-16 19:28:43,583 [FATAL] Updater:351 - Updater called before beeing initialized
2026-03-16 19:28:43,586 [INFO] CADModel:165 - CPN selected for project level
2026-03-16 19:28:43,586 [INFO] CADModel:114 - Register for checkConnection events
2026-03-16 19:28:43,586 [FATAL] Updater:351 - Updater called before beeing initialized
2026-03-16 19:28:43,586 [ERROR] CADModel:125 - Updater not yet initialized, retry later 
2026-03-16 19:28:43,592 [FATAL] Updater:351 - Updater called before beeing initialized
2026-03-16 19:28:43,772 [FATAL] Updater:351 - Updater called before beeing initialized
2026-03-16 19:28:43,779 [INFO] DbMcusAds:53 - JSON generation date=Wed Feb 18 15:32:49 CET 2026 (1771425169371)
2026-03-16 19:28:43,779 [FATAL] Updater:351 - Updater called before beeing initialized
2026-03-16 19:28:43,829 [WARN] DetailPanel:346 - Failed to get advertising image, set to default
2026-03-16 19:28:43,959 [FATAL] Updater:351 - Updater called before beeing initialized
2026-03-16 19:28:43,961 [FATAL] Updater:351 - Updater called before beeing initialized
2026-03-16 19:28:43,961 [FATAL] Updater:351 - Updater called before beeing initialized
2026-03-16 19:28:43,961 [WARN] DetailPanel:346 - Failed to get advertising image, set to default
2026-03-16 19:28:43,963 [FATAL] Updater:351 - Updater called before beeing initialized
2026-03-16 19:28:44,023 [ERROR] Updater:1198 - MainUpdater not yet initialized. External WinMGr cannot be set.
2026-03-16 19:28:44,026 [INFO] Updater:1134 - Updater Version found : 6.15.0
2026-03-16 19:28:44,045 [INFO] ApplicationProperties:184 - Using Application install path: C:\ST\STM32CubeIDE_1.19.0\STM32CubeIDE\plugins\com.st.stm32cube.common.mx_6.15.0.202507011659
2026-03-16 19:28:44,559 [INFO] ThirdPartyUpdaterWithRetryManager:70 - Updater plugin not ready yet. [2/15]
2026-03-16 19:28:45,624 [ERROR] LogOutputStream:75 - [STDERR_REDIRECT] Mar 16, 2026 7:28:45 PM java.util.prefs.WindowsPreferences <init>
2026-03-16 19:28:45,628 [ERROR] LogOutputStream:75 - [STDERR_REDIRECT] WARNING: Could not open/create prefs root node Software\JavaSoft\Prefs at root 0xffffffff80000002. Windows RegCreateKeyEx(...) returned error code 5.
2026-03-16 19:28:45,628 [ERROR] LogOutputStream:75 - [STDERR_REDIRECT] 
2026-03-16 19:28:46,159 [INFO] MainUpdater:2872 - connection check result : 10
2026-03-16 19:28:46,160 [INFO] MainUpdater:289 - Updater Check For Update Now.
2026-03-16 19:28:46,160 [INFO] MicroXplorer:498 - Change Database Version : DB.6.0.150
2026-03-16 19:28:46,174 [INFO] McuFinderGlobals:63 - Set McuFinder mode to 2 (CubeIDE integrated)
2026-03-16 19:28:46,176 [INFO] UserAuth:487 - Internet connection configuration mode: 1
2026-03-16 19:28:46,219 [INFO] JxBrowserEngine:152 - Initiate JxBrowser Engine with user profile folder
2026-03-16 19:28:46,419 [INFO] CheckServerUpdateThread:120 - End of CheckServer Thread
2026-03-16 19:28:47,905 [INFO] WebApp:169 - Instantiating new browser for Auth
2026-03-16 19:28:49,160 [WARN] PackLoader:240 - Cannot read IP mode file for STMicroelectronics.X-CUBE-AZRTOS-H7.3.5.0
2026-03-16 19:28:49,217 [WARN] PackLoader:240 - Cannot read IP mode file for STMicroelectronics.FP-SNS-MOTENVWB1.1.4.0
2026-03-16 19:28:49,236 [WARN] PackLoader:240 - Cannot read IP mode file for STMicroelectronics.FP-ATR-ASTRA1.2.0.2
2026-03-16 19:28:49,276 [WARN] PackLoader:240 - Cannot read IP mode file for STMicroelectronics.X-CUBE-SMBUS.2.1.0
2026-03-16 19:28:49,297 [WARN] PackLoader:240 - Cannot read IP mode file for STMicroelectronics.X-CUBE-ST60.1.0.0
2026-03-16 19:28:49,448 [WARN] PackLoader:240 - Cannot read IP mode file for STMicroelectronics.X-CUBE-AZRTOS-F7.1.1.0
2026-03-16 19:28:49,481 [WARN] PackLoader:240 - Cannot read IP mode file for STMicroelectronics.FP-SNS-MOTENV1.5.1.0
2026-03-16 19:28:49,562 [WARN] PackLoader:240 - Cannot read IP mode file for Infineon.AIROC-Wi-Fi-Bluetooth-STM32.1.7.1
2026-03-16 19:28:49,634 [WARN] PackLoader:240 - Cannot read IP mode file for STMicroelectronics.X-CUBE-AZRTOS-H7.3.4.0
2026-03-16 19:28:49,659 [WARN] PackLoader:240 - Cannot read IP mode file for STMicroelectronics.X-CUBE-DISPLAY.3.0.0
2026-03-16 19:28:49,679 [WARN] PackLoader:240 - Cannot read IP mode file for STMicroelectronics.FP-SNS-MOTENVWB1.1.5.0
2026-03-16 19:28:49,702 [WARN] PackLoader:240 - Cannot read IP mode file for STMicroelectronics.X-CUBE-NFC10.1.0.0
2026-03-16 19:28:49,728 [WARN] PackLoader:240 - Cannot read IP mode file for STMicroelectronics.X-CUBE-ST60.1.1.0
2026-03-16 19:28:49,749 [WARN] PackLoader:240 - Cannot read IP mode file for emotas.I-CUBE-CANOPEN.1.3.0
2026-03-16 19:28:49,766 [WARN] PackLoader:240 - Cannot read IP mode file for STMicroelectronics.X-CUBE-GNSS1.7.1.0
2026-03-16 19:28:49,786 [WARN] ConditionMgr:438 - getConditionDescription Invalid condition id : Cortex-A Device cause : null
2026-03-16 19:28:49,824 [WARN] ConditionMgr:1044 - genDependencies : Invalid condition id : Cortex-A Device cause : null
2026-03-16 19:28:49,825 [WARN] ConditionMgr:1044 - genDependencies : Invalid condition id : Cortex-A Device cause : null
2026-03-16 19:28:49,825 [WARN] ConditionMgr:1044 - genDependencies : Invalid condition id : Cortex-A Device cause : null
2026-03-16 19:28:49,849 [WARN] PackLoader:240 - Cannot read IP mode file for STMicroelectronics.FP-SNS-STBOX1.2.1.0
2026-03-16 19:28:49,901 [WARN] PackLoader:240 - Cannot read IP mode file for STMicroelectronics.FP-SNS-SMARTAG2.1.2.0
2026-03-16 19:28:49,930 [WARN] PackLoader:240 - Cannot read IP mode file for STMicroelectronics.FP-SNS-FLIGHT1.5.1.0
2026-03-16 19:28:50,001 [INFO] LogOutputStream:77 - [STDOUT_REDIRECT] 1 : Invalid condition id : UX_CORESTACK_Condition cause : null
2026-03-16 19:28:50,003 [INFO] LogOutputStream:77 - [STDOUT_REDIRECT] 1 : Invalid condition id : UX_CORESTACK_Condition cause : null
2026-03-16 19:28:50,011 [INFO] LogOutputStream:77 - [STDOUT_REDIRECT] 1 : Invalid condition id : UX_CORESTACK_Condition cause : null
2026-03-16 19:28:50,015 [INFO] LogOutputStream:77 - [STDOUT_REDIRECT] 1 : Invalid condition id : UX_CORESTACK_Condition cause : null
2026-03-16 19:28:50,018 [INFO] LogOutputStream:77 - [STDOUT_REDIRECT] 1 : Invalid condition id : UX_CORESTACK_Condition cause : null
2026-03-16 19:28:50,027 [WARN] PackLoader:240 - Cannot read IP mode file for STMicroelectronics.X-CUBE-AZRTOS-WL.2.0.0
2026-03-16 19:28:50,043 [WARN] PackLoader:240 - Cannot read IP mode file for STMicroelectronics.FP-SNS-MOTENV1.5.0.0
2026-03-16 19:28:50,167 [WARN] PackLoader:240 - Cannot read IP mode file for STMicroelectronics.X-CUBE-AZRTOS-H7RS.1.2.0
2026-03-16 19:28:50,202 [WARN] PackLoader:240 - Cannot read IP mode file for WES.I-CUBE-Cesium.1.3.0
2026-03-16 19:28:50,232 [WARN] PackLoader:240 - Cannot read IP mode file for STMicroelectronics.X-CUBE-BLE2.3.3.0
2026-03-16 19:28:50,323 [WARN] PackLoader:240 - Cannot read IP mode file for STMicroelectronics.X-CUBE-NFC9.1.0.0
2026-03-16 19:28:50,346 [WARN] PackLoader:240 - Cannot read IP mode file for wolfSSL.I-CUBE-wolfSSL.5.8.0
2026-03-16 19:28:50,363 [WARN] PackLoader:240 - Cannot read IP mode file for STMicroelectronics.X-CUBE-BLE1.7.1.0
2026-03-16 19:28:50,380 [WARN] PackLoader:240 - Cannot read IP mode file for wolfSSL.I-CUBE-wolfMQTT.1.19.2
2026-03-16 19:28:50,396 [WARN] PackLoader:240 - Cannot read IP mode file for STMicroelectronics.X-CUBE-FREERTOS.1.4.0
2026-03-16 19:28:50,426 [WARN] PackLoader:240 - Cannot read IP mode file for STMicroelectronics.X-CUBE-EEPRMA1.5.2.0
2026-03-16 19:28:50,449 [WARN] PackLoader:240 - Cannot read IP mode file for STMicroelectronics.X-CUBE-ST67W61.1.1.0
2026-03-16 19:28:50,472 [WARN] PackLoader:240 - Cannot read IP mode file for STMicroelectronics.X-CUBE-AI.10.1.0
2026-03-16 19:28:50,652 [WARN] PackLoader:240 - Cannot read IP mode file for STMicroelectronics.X-CUBE-MEMS1.12.0.0
2026-03-16 19:28:50,946 [WARN] PackLoader:240 - Cannot read IP mode file for STMicroelectronics.X-CUBE-AZRTOS-G0.1.1.0
2026-03-16 19:28:50,979 [WARN] PackLoader:240 - Cannot read IP mode file for STMicroelectronics.X-CUBE-SAFEA1.1.2.2
2026-03-16 19:28:51,144 [WARN] PackLoader:240 - Cannot read IP mode file for STMicroelectronics.X-CUBE-NFC4.3.0.0
2026-03-16 19:28:51,560 [WARN] PackLoader:240 - Cannot read IP mode file for EmbeddedOffice.I-CUBE-FS-RTOS.1.0.1
2026-03-16 19:28:51,662 [WARN] PackLoader:240 - Cannot read IP mode file for STMicroelectronics.X-CUBE-WB05N.2.0.0
2026-03-16 19:28:51,676 [WARN] PackLoader:240 - Cannot read IP mode file for wolfSSL.I-CUBE-wolfTPM.3.8.0
2026-03-16 19:28:51,694 [WARN] PackLoader:240 - Cannot read IP mode file for STMicroelectronics.X-CUBE-TCPP.4.2.0
2026-03-16 19:28:51,777 [WARN] PackLoader:240 - Cannot read IP mode file for RealThread.X-CUBE-RT-Thread_Nano.4.1.1
2026-03-16 19:28:51,833 [WARN] PackLoader:240 - Cannot read IP mode file for STMicroelectronics.FP-ATR-SIGFOX1.3.2.0
2026-03-16 19:28:51,880 [WARN] PackLoader:240 - Cannot read IP mode file for STMicroelectronics.X-CUBE-FREERTOS.1.5.0
2026-03-16 19:28:51,904 [WARN] PackLoader:240 - Cannot read IP mode file for ITTIA_DB.I-CUBE-ITTIADB.8.9.0
2026-03-16 19:28:51,962 [WARN] PackLoader:240 - Cannot read IP mode file for STMicroelectronics.X-CUBE-NFC6.3.2.0
2026-03-16 19:28:52,010 [WARN] PackLoader:240 - Cannot read IP mode file for STMicroelectronics.X-CUBE-ST67W61.1.0.0
2026-03-16 19:28:52,017 [INFO] WebApp:463 - Apply proxy settings
2026-03-16 19:28:52,018 [INFO] WebApp:548 - Chromium requires no authentication
2026-03-16 19:28:52,032 [WARN] PackLoader:240 - Cannot read IP mode file for STMicroelectronics.X-CUBE-AI.10.2.0
2026-03-16 19:28:52,059 [INFO] WebApp:491 - Direct internet connection detected
2026-03-16 19:28:52,122 [WARN] PackLoader:240 - Cannot read IP mode file for SEGGER.I-CUBE-embOS.1.3.1
2026-03-16 19:28:52,177 [INFO] WebApp:900 - Register for checkConnection events
2026-03-16 19:28:52,178 [INFO] WebApp:463 - Apply proxy settings
2026-03-16 19:28:52,178 [INFO] WebApp:548 - Chromium requires no authentication
2026-03-16 19:28:52,179 [INFO] WebApp:491 - Direct internet connection detected
2026-03-16 19:28:52,229 [WARN] PackLoader:240 - Cannot read IP mode file for STMicroelectronics.X-CUBE-ALGOBUILD.1.4.0
2026-03-16 19:28:52,542 [INFO] WebApp:191 - Connection restablished
2026-03-16 19:28:52,664 [WARN] PackLoader:240 - Cannot read IP mode file for STMicroelectronics.X-CUBE-MEMS1.11.3.0
2026-03-16 19:28:54,307 [WARN] PackLoader:240 - Cannot read IP mode file for STMicroelectronics.X-CUBE-PM33A1.1.0.0
2026-03-16 19:28:54,376 [WARN] PackLoader:240 - Cannot read IP mode file for STMicroelectronics.X-CUBE-AZRTOS-F4.1.1.0
2026-03-16 19:28:54,393 [WARN] PackLoader:240 - Cannot read IP mode file for Avnet-IotConnect.X-CUBE-IoTC-DA16k-PMOD.1.0.0
2026-03-16 19:28:54,419 [WARN] PackLoader:240 - Cannot read IP mode file for STMicroelectronics.X-CUBE-ISPU.2.1.0
2026-03-16 19:28:54,458 [WARN] PackLoader:240 - Cannot read IP mode file for STMicroelectronics.X-CUBE-IPS.3.2.0
2026-03-16 19:28:54,510 [WARN] PackLoader:240 - Cannot read IP mode file for STMicroelectronics.X-CUBE-NFC12.1.0.0
2026-03-16 19:28:54,561 [WARN] PackLoader:240 - Cannot read IP mode file for STMicroelectronics.X-CUBE-AZRTOS-L5.2.0.0
2026-03-16 19:28:54,585 [WARN] PackLoader:240 - Cannot read IP mode file for STMicroelectronics.X-CUBE-NFC6.3.1.0
2026-03-16 19:28:54,610 [WARN] PackLoader:240 - Cannot read IP mode file for STMicroelectronics.X-CUBE-FREERTOS.1.3.1
2026-03-16 19:28:54,628 [WARN] PackLoader:240 - Cannot read IP mode file for STMicroelectronics.X-CUBE-TOUCHGFX.4.26.0
2026-03-16 19:28:54,637 [WARN] PackLoader:240 - Cannot read IP mode file for STMicroelectronics.X-CUBE-TOUCHGFX.4.26.1
2026-03-16 19:28:54,654 [WARN] PackLoader:240 - Cannot read IP mode file for STMicroelectronics.FP-SNS-STAIOTCFT.1.0.0
2026-03-16 19:28:54,671 [WARN] PackLoader:240 - Cannot read IP mode file for STMicroelectronics.X-CUBE-DPower.1.3.0
2026-03-16 19:28:54,728 [WARN] ConditionMgr:438 - getConditionDescription Invalid condition id : LAN8742 Phy interface Condition cause : null
2026-03-16 19:28:54,729 [INFO] WebApp:225 - Starting web application
2026-03-16 19:28:54,729 [INFO] WebApp:593 - Web application path used C:\ST\STM32CubeIDE_1.19.0\STM32CubeIDE\plugins\com.st.stm32cube.common.mx_6.15.0.202507011659\db\plugins\mcufinder\reactClient1\index.html
2026-03-16 19:28:54,729 [WARN] PackLoader:240 - Cannot read IP mode file for STMicroelectronics.X-CUBE-AZRTOS-L4.2.0.0
2026-03-16 19:28:54,732 [WARN] ConditionMgr:1044 - genDependencies : Invalid condition id : LAN8742 Phy interface Condition cause : null
2026-03-16 19:28:54,732 [WARN] ConditionMgr:1044 - genDependencies : Invalid condition id : LAN8742 Phy interface Condition cause : null
2026-03-16 19:28:54,734 [WARN] ConditionMgr:1044 - genDependencies : Invalid condition id : LAN8742 Phy interface Condition cause : null
2026-03-16 19:28:54,757 [WARN] PackLoader:240 - Cannot read IP mode file for STMicroelectronics.X-CUBE-SFXS2LP1.4.0.0
2026-03-16 19:28:54,782 [WARN] PackLoader:240 - Cannot read IP mode file for STMicroelectronics.X-CUBE-ST67W61.1.2.0
2026-03-16 19:28:54,816 [WARN] PackLoader:240 - Cannot read IP mode file for STMicroelectronics.X-CUBE-BLEMGR.4.1.0
2026-03-16 19:28:54,856 [WARN] ConditionMgr:438 - getConditionDescription Invalid condition id : UX DEVICE CLASS RTOS Condition cause : null
2026-03-16 19:28:54,857 [WARN] ConditionMgr:438 - getConditionDescription Invalid condition id : UX DEVICE CLASS RTOS Condition cause : null
2026-03-16 19:28:54,864 [WARN] PackLoader:240 - Cannot read IP mode file for STMicroelectronics.X-CUBE-AZRTOS-WB.2.0.0
2026-03-16 19:28:54,865 [WARN] ConditionMgr:1044 - genDependencies : Invalid condition id : UX DEVICE CLASS RTOS Condition cause : null
2026-03-16 19:28:54,865 [WARN] ConditionMgr:1044 - genDependencies : Invalid condition id : UX DEVICE CLASS RTOS Condition cause : null
2026-03-16 19:28:54,866 [WARN] ConditionMgr:1044 - genDependencies : Invalid condition id : UX DEVICE CLASS RTOS Condition cause : null
2026-03-16 19:28:54,867 [WARN] ConditionMgr:1044 - genDependencies : Invalid condition id : UX DEVICE CLASS RTOS Condition cause : null
2026-03-16 19:28:54,868 [WARN] ConditionMgr:1044 - genDependencies : Invalid condition id : UX DEVICE CLASS RTOS Condition cause : null
2026-03-16 19:28:54,890 [WARN] PackLoader:240 - Cannot read IP mode file for STMicroelectronics.X-CUBE-GNSS1.7.0.1
2026-03-16 19:28:54,900 [WARN] PackLoader:240 - Cannot read IP mode file for STMicroelectronics.X-CUBE-TOUCHGFX.4.25.0
2026-03-16 19:28:54,914 [WARN] PackLoader:240 - Cannot read IP mode file for STMicroelectronics.FP-SNS-STBOX1.2.0.0
2026-03-16 19:28:54,938 [WARN] PackLoader:240 - Cannot read IP mode file for STMicroelectronics.X-CUBE-STSE01.2.0.0
2026-03-16 19:28:54,963 [WARN] PackLoader:240 - Cannot read IP mode file for STMicroelectronics.X-CUBE-SUBG2.5.0.0
2026-03-16 19:28:55,015 [WARN] PackLoader:240 - Cannot read IP mode file for STMicroelectronics.X-CUBE-AZRTOS-H7RS.1.1.0
2026-03-16 19:28:55,031 [WARN] PackLoader:240 - Cannot read IP mode file for Cesanta.I-CUBE-Mongoose.7.13.0
2026-03-16 19:28:55,065 [WARN] PackLoader:240 - Cannot read IP mode file for STMicroelectronics.X-CUBE-AZRTOS-G4.2.0.0
2026-03-16 19:28:55,086 [WARN] PackLoader:240 - Cannot read IP mode file for wolfSSL.I-CUBE-wolfSSH.1.4.20
2026-03-16 19:28:55,106 [WARN] PackLoader:240 - Cannot read IP mode file for STMicroelectronics.X-CUBE-NFC7.2.0.0
2026-03-16 19:28:55,116 [INFO] UserAuth:487 - Internet connection configuration mode: 1
2026-03-16 19:28:55,136 [WARN] PackLoader:240 - Cannot read IP mode file for STMicroelectronics.X-CUBE-IPS.3.1.0
2026-03-16 19:28:55,165 [WARN] PackLoader:240 - Cannot read IP mode file for STMicroelectronics.X-CUBE-ALS.1.0.2
2026-03-16 19:28:55,247 [WARN] PackLoader:240 - Cannot read IP mode file for STMicroelectronics.X-CUBE-STSE01.1.0.0
2026-03-16 19:28:55,278 [WARN] PackLoader:240 - Cannot read IP mode file for portGmbH.I-Cube-SoM-uGOAL.1.1.0
2026-03-16 19:28:55,337 [WARN] PackLoader:240 - Cannot read IP mode file for STMicroelectronics.X-CUBE-TOF1.3.4.3
2026-03-16 19:28:55,387 [INFO] ThirdParty:978 - Integrity check success = true
2026-03-16 19:28:55,387 [INFO] IntegrityCheckThread:100 - exiting critical section [integrity check]
2026-03-16 19:28:55,389 [INFO] IntegrityCheckThread:103 - End integrity checks thread
