2025-12-09 08:31:59,289 [INFO] WebApp:194 - Connection lost
2025-12-09 08:32:03,587 [INFO] WebApp:191 - Connection restablished
2025-12-09 08:32:05,194 [INFO] WebApp:194 - Connection lost
2025-12-09 08:32:06,113 [INFO] WebApp:191 - Connection restablished
2025-12-09 08:33:27,285 [INFO] WebApp:194 - Connection lost
2025-12-09 08:33:28,026 [INFO] WebApp:191 - Connection restablished
2025-12-09 08:33:50,450 [INFO] WebApp:194 - Connection lost
2025-12-09 08:33:50,607 [INFO] WebApp:191 - Connection restablished
2025-12-09 08:47:09,047 [INFO] WebApp:194 - Connection lost
2025-12-09 08:47:09,432 [INFO] WebApp:191 - Connection restablished
2025-12-09 09:01:34,686 [INFO] WebApp:194 - Connection lost
2025-12-09 09:01:34,974 [INFO] WebApp:191 - Connection restablished
2025-12-09 09:01:38,041 [INFO] WebApp:194 - Connection lost
2025-12-09 09:01:38,220 [INFO] WebApp:191 - Connection restablished
2025-12-09 09:11:22,433 [INFO] WebApp:194 - Connection lost
2025-12-09 09:11:22,754 [INFO] WebApp:191 - Connection restablished
2025-12-09 09:11:26,433 [INFO] WebApp:194 - Connection lost
2025-12-09 09:11:26,597 [INFO] WebApp:191 - Connection restablished
2025-12-09 09:12:17,415 [INFO] WebApp:194 - Connection lost
2025-12-09 09:12:17,770 [INFO] WebApp:191 - Connection restablished
2025-12-09 09:26:10,432 [INFO] WebApp:194 - Connection lost
2025-12-09 09:26:10,793 [INFO] WebApp:191 - Connection restablished
2025-12-09 09:28:15,465 [INFO] WebApp:194 - Connection lost
2025-12-09 09:28:16,100 [INFO] WebApp:191 - Connection restablished
2025-12-09 09:31:31,911 [INFO] WebApp:194 - Connection lost
2025-12-09 09:31:32,216 [INFO] WebApp:191 - Connection restablished
2025-12-09 09:31:35,923 [INFO] WebApp:194 - Connection lost
2025-12-09 09:31:36,059 [INFO] WebApp:191 - Connection restablished
2025-12-09 09:34:45,806 [INFO] WebApp:403 - JxBrowser engine has been closed 
2025-12-09 16:14:37,508 [INFO] Activator:176 - 


2025-12-09 16:14:37,510 [INFO] Activator:177 - !SESSION log4j initialized
2025-12-09 16:14:43,944 [INFO] LogOutputStream:77 - [STDOUT_REDIRECT] 
2025-12-09 16:14:46,169 [INFO] ApplicationProperties:184 - Using Application install path: C:\ST\STM32CubeIDE_1.19.0\STM32CubeIDE\plugins\com.st.stm32cube.common.mx_6.15.0.202507011659
2025-12-09 16:14:46,186 [INFO] DbMcusXml:78 - Set database path to: C:\ST\STM32CubeIDE_1.19.0\STM32CubeIDE\plugins\com.st.stm32cube.common.mx_6.15.0.202507011659\\db\/mcu/
2025-12-09 16:14:46,187 [INFO] ApiDb:274 - Set plugin database path to: C:\ST\STM32CubeIDE_1.19.0\STM32CubeIDE\plugins\com.st.stm32cube.common.mx_6.15.0.202507011659\\db\/plugins/boardmanager/
2025-12-09 16:14:46,187 [WARN] ApiDb:259 - Overriding images path with different value:  => C:\ST\STM32CubeIDE_1.19.0\STM32CubeIDE\plugins\com.st.stm32cube.common.mx_6.15.0.202507011659\\db\/plugins/mcufinder/images/
2025-12-09 16:14:46,194 [INFO] ApiDb:250 - Set database path to: C:\Users\wikto\.stmcufinder\plugins\mcufinder//mcu/
2025-12-09 16:14:46,196 [INFO] DbMcusAds:125 - Set database path to: C:\Users\wikto\.stmcufinder\plugins\mcufinder//mcu/
2025-12-09 16:14:46,199 [INFO] CrossReferenceDbSqlite:203 - Set database path to: C:\Users\wikto\.stmcufinder\plugins\mcufinder//mcu/cs/
2025-12-09 16:14:46,313 [INFO] RulesReader:64 - Compatibility file has been processed (317 Rules)
2025-12-09 16:14:46,385 [INFO] DbMcusXml:78 - Set database path to: C:\ST\STM32CubeIDE_1.19.0\STM32CubeIDE\plugins\com.st.stm32cube.common.mx_6.15.0.202507011659\\db\/mcu/
2025-12-09 16:14:46,385 [INFO] ApiDb:274 - Set plugin database path to: C:\ST\STM32CubeIDE_1.19.0\STM32CubeIDE\plugins\com.st.stm32cube.common.mx_6.15.0.202507011659\\db\/plugins/boardmanager/
2025-12-09 16:14:46,385 [INFO] ApiDb:261 - Set plugin images path to: C:\ST\STM32CubeIDE_1.19.0\STM32CubeIDE\plugins\com.st.stm32cube.common.mx_6.15.0.202507011659\\db\/plugins/mcufinder/images/
2025-12-09 16:14:46,385 [WARN] DbFile:41 - Overriding database path with different value: C:\Users\wikto\.stmcufinder\plugins\mcufinder/ => C:\Users\wikto\.stmcufinder\plugins\mcufinder
2025-12-09 16:14:46,385 [INFO] ApiDb:250 - Set database path to: C:\Users\wikto\.stmcufinder\plugins\mcufinder//mcu/
2025-12-09 16:14:46,386 [WARN] DbFile:41 - Overriding database path with different value: C:\Users\wikto\.stmcufinder\plugins\mcufinder/ => C:\Users\wikto\.stmcufinder\plugins\mcufinder
2025-12-09 16:14:46,386 [INFO] DbMcusAds:125 - Set database path to: C:\Users\wikto\.stmcufinder\plugins\mcufinder//mcu/
2025-12-09 16:14:46,386 [WARN] DbFile:41 - Overriding database path with different value: C:\Users\wikto\.stmcufinder\plugins\mcufinder/ => C:\Users\wikto\.stmcufinder\plugins\mcufinder
2025-12-09 16:14:46,386 [WARN] DbFile:41 - Overriding database path with different value: C:\Users\wikto\.stmcufinder\plugins\mcufinder/ => C:\Users\wikto\.stmcufinder\plugins\mcufinder
2025-12-09 16:14:46,386 [INFO] CrossReferenceDbSqlite:203 - Set database path to: C:\Users\wikto\.stmcufinder\plugins\mcufinder//mcu/cs/
2025-12-09 16:14:46,458 [INFO] MainPanel:274 - HeapMemory: 268435456
2025-12-09 16:14:46,563 [INFO] DbMcusXml:78 - Set database path to: C:\ST\STM32CubeIDE_1.19.0\STM32CubeIDE\plugins\com.st.stm32cube.common.mx_6.15.0.202507011659\\db\/mcu/
2025-12-09 16:14:46,563 [INFO] ApiDb:274 - Set plugin database path to: C:\ST\STM32CubeIDE_1.19.0\STM32CubeIDE\plugins\com.st.stm32cube.common.mx_6.15.0.202507011659\\db\/plugins/boardmanager/
2025-12-09 16:14:46,564 [INFO] ApiDb:261 - Set plugin images path to: C:\ST\STM32CubeIDE_1.19.0\STM32CubeIDE\plugins\com.st.stm32cube.common.mx_6.15.0.202507011659\\db\/plugins/mcufinder/images/
2025-12-09 16:14:46,564 [WARN] DbFile:41 - Overriding database path with different value: C:\Users\wikto\.stmcufinder\plugins\mcufinder/ => C:\Users\wikto\.stmcufinder\plugins\mcufinder
2025-12-09 16:14:46,564 [INFO] ApiDb:250 - Set database path to: C:\Users\wikto\.stmcufinder\plugins\mcufinder//mcu/
2025-12-09 16:14:46,564 [WARN] DbFile:41 - Overriding database path with different value: C:\Users\wikto\.stmcufinder\plugins\mcufinder/ => C:\Users\wikto\.stmcufinder\plugins\mcufinder
2025-12-09 16:14:46,564 [INFO] DbMcusAds:125 - Set database path to: C:\Users\wikto\.stmcufinder\plugins\mcufinder//mcu/
2025-12-09 16:14:46,564 [WARN] DbFile:41 - Overriding database path with different value: C:\Users\wikto\.stmcufinder\plugins\mcufinder/ => C:\Users\wikto\.stmcufinder\plugins\mcufinder
2025-12-09 16:14:46,564 [WARN] DbFile:41 - Overriding database path with different value: C:\Users\wikto\.stmcufinder\plugins\mcufinder/ => C:\Users\wikto\.stmcufinder\plugins\mcufinder
2025-12-09 16:14:46,565 [INFO] CrossReferenceDbSqlite:203 - Set database path to: C:\Users\wikto\.stmcufinder\plugins\mcufinder//mcu/cs/
2025-12-09 16:14:46,580 [INFO] ApplicationProperties:184 - Using Application install path: C:\ST\STM32CubeIDE_1.19.0\STM32CubeIDE\plugins\com.st.stm32cube.common.mx_6.15.0.202507011659
2025-12-09 16:14:46,582 [INFO] PluginManage:196 - Search for loadable plugins [exclusion list=, ]
2025-12-09 16:14:46,583 [INFO] PluginManage:310 - Check plugin analytics
2025-12-09 16:14:46,757 [INFO] AnalyticsPlugin:253 - Accepted Software Licenses: 
2025-12-09 16:14:46,757 [INFO] AnalyticsPlugin:255 - Accepted CMSIS Pack Licenses: 
2025-12-09 16:14:46,757 [INFO] AnalyticsPlugin:257 - Accepted Firmware Licenses: FW.H7.1.12.0
2025-12-09 16:14:46,759 [INFO] PluginManage:359 - Loaded plugin analytics (category:tool,tabindex:-1)
2025-12-09 16:14:46,759 [INFO] PluginManage:310 - Check plugin cadmodel
2025-12-09 16:14:46,780 [INFO] CADModel:105 - Init CAD model plugin
2025-12-09 16:14:46,780 [INFO] PluginManage:359 - Loaded plugin cadmodel (category:power,tabindex:5)
2025-12-09 16:14:46,780 [INFO] PluginManage:310 - Check plugin clock
2025-12-09 16:14:46,806 [INFO] PluginManage:359 - Loaded plugin clock (category:base,tabindex:2)
2025-12-09 16:14:46,807 [INFO] PluginManage:310 - Check plugin ddr
2025-12-09 16:14:46,809 [INFO] PluginManage:359 - Loaded plugin ddr (category:tool,tabindex:6)
2025-12-09 16:14:46,810 [INFO] PluginManage:310 - Check plugin filemanager
2025-12-09 16:14:46,968 [INFO] PluginManage:359 - Loaded plugin filemanager (category:base,tabindex:10)
2025-12-09 16:14:46,968 [INFO] PluginManage:310 - Check plugin ipmanager
2025-12-09 16:14:46,975 [INFO] PluginManage:359 - Loaded plugin ipmanager (category:base,tabindex:5)
2025-12-09 16:14:46,975 [INFO] PluginManage:310 - Check plugin lpbam
2025-12-09 16:14:47,001 [INFO] PluginManage:359 - Loaded plugin lpbam (category:base,tabindex:0)
2025-12-09 16:14:47,001 [INFO] PluginManage:310 - Check plugin memorymap
2025-12-09 16:14:47,032 [INFO] PluginManage:359 - Loaded plugin memorymap (category:base,tabindex:4)
2025-12-09 16:14:47,032 [INFO] PluginManage:310 - Check plugin pinoutandconfiguration
2025-12-09 16:14:47,059 [INFO] PluginManage:359 - Loaded plugin pinoutandconfiguration (category:base,tabindex:1)
2025-12-09 16:14:47,059 [INFO] PluginManage:310 - Check plugin pinoutconfig
2025-12-09 16:14:47,163 [WARN] SupportedApi:132 - Cannot load RTOS API schema: s4s-elt-must-match.1: The content of 'definitions' must match (annotation?, (simpleType | complexType)?, (unique | key | keyref)*)). A problem was found starting at: attribute.
2025-12-09 16:14:47,304 [INFO] PluginManage:359 - Loaded plugin pinoutconfig (category:base,tabindex:0)
2025-12-09 16:14:47,304 [INFO] PluginManage:310 - Check plugin power
2025-12-09 16:14:47,333 [INFO] PluginManage:359 - Loaded plugin power (category:power,tabindex:4)
2025-12-09 16:14:47,333 [INFO] PluginManage:310 - Check plugin projectmanager
2025-12-09 16:14:47,350 [INFO] PluginManage:359 - Loaded plugin projectmanager (category:projectmanager,tabindex:4)
2025-12-09 16:14:47,350 [INFO] PluginManage:310 - Check plugin rif
2025-12-09 16:14:47,379 [INFO] PluginManage:359 - Loaded plugin rif (category:base,tabindex:3)
2025-12-09 16:14:47,379 [INFO] PluginManage:310 - Check plugin thirdparty
2025-12-09 16:14:47,789 [INFO] PluginManage:359 - Loaded plugin thirdparty (category:base,tabindex:-1)
2025-12-09 16:14:47,789 [INFO] PluginManage:310 - Check plugin tools
2025-12-09 16:14:47,789 [WARN] IntegrityCheckThread:84 - waiting for thirdparty lock release [integrity check]
2025-12-09 16:14:47,789 [INFO] IntegrityCheckThread:86 - entering critical section [integrity check]
2025-12-09 16:14:47,789 [INFO] ThirdPartyUpdaterWithRetryManager:70 - Updater plugin not ready yet. [1/15]
2025-12-09 16:14:47,869 [INFO] PluginManage:359 - Loaded plugin tools (category:base,tabindex:7)
2025-12-09 16:14:47,870 [INFO] PluginManage:310 - Check plugin tutovideos
2025-12-09 16:14:48,127 [INFO] PluginManage:359 - Loaded plugin tutovideos (category:base,tabindex:-1)
2025-12-09 16:14:48,128 [INFO] PluginManage:310 - Check plugin updater
2025-12-09 16:14:48,149 [INFO] PluginManage:359 - Loaded plugin updater (category:base,tabindex:12)
2025-12-09 16:14:48,149 [INFO] PluginManage:310 - Check plugin userauth
2025-12-09 16:14:48,153 [INFO] UserAuth:118 - Init User Auth plugin
2025-12-09 16:14:48,153 [INFO] PluginManage:359 - Loaded plugin userauth (category:base,tabindex:14)
2025-12-09 16:14:48,154 [INFO] PluginManage:283 - PluginManage : Loaded plugins [18]
2025-12-09 16:14:48,346 [INFO] PinOutPanel:1589 - setPackage(No Configuration,No Configuration)
2025-12-09 16:14:48,425 [INFO] CADModel:165 - CPN selected for project level
2025-12-09 16:14:48,426 [INFO] CADModel:114 - Register for checkConnection events
2025-12-09 16:14:48,462 [INFO] IPUIPlugin:80 - create IPUIPlugin
2025-12-09 16:14:48,462 [INFO] PluginManager:220 - loadIPPluginJar : add adc
2025-12-09 16:14:48,519 [INFO] IPUIPlugin:80 - create IPUIPlugin
2025-12-09 16:14:48,519 [INFO] PluginManager:220 - loadIPPluginJar : add aes
2025-12-09 16:14:48,604 [INFO] IPUIPlugin:80 - create IPUIPlugin
2025-12-09 16:14:48,604 [INFO] PluginManager:220 - loadIPPluginJar : add can
2025-12-09 16:14:48,646 [INFO] IPUIPlugin:80 - create IPUIPlugin
2025-12-09 16:14:48,646 [INFO] PluginManager:220 - loadIPPluginJar : add comp
2025-12-09 16:14:48,718 [INFO] IPUIPlugin:80 - create IPUIPlugin
2025-12-09 16:14:48,718 [INFO] PluginManager:220 - loadIPPluginJar : add cryp
2025-12-09 16:14:48,746 [INFO] IPUIPlugin:80 - create IPUIPlugin
2025-12-09 16:14:48,746 [INFO] PluginManager:220 - loadIPPluginJar : add ddr_ctrl_phy
2025-12-09 16:14:48,814 [INFO] IPUIPlugin:80 - create IPUIPlugin
2025-12-09 16:14:48,815 [INFO] PluginManager:220 - loadIPPluginJar : add dfsdm
2025-12-09 16:14:48,836 [INFO] IPUIPlugin:80 - create IPUIPlugin
2025-12-09 16:14:48,837 [INFO] PluginManager:220 - loadIPPluginJar : add dma
2025-12-09 16:14:48,927 [INFO] IPUIPlugin:80 - create IPUIPlugin
2025-12-09 16:14:48,927 [INFO] PluginManager:220 - loadIPPluginJar : add dma3
2025-12-09 16:14:49,001 [INFO] IPUIPlugin:80 - create IPUIPlugin
2025-12-09 16:14:49,001 [INFO] PluginManager:220 - loadIPPluginJar : add extmemmanager
2025-12-09 16:14:49,049 [INFO] IPUIPlugin:80 - create IPUIPlugin
2025-12-09 16:14:49,049 [INFO] PluginManager:220 - loadIPPluginJar : add fatfs
2025-12-09 16:14:49,122 [INFO] IPUIPlugin:80 - create IPUIPlugin
2025-12-09 16:14:49,122 [INFO] PluginManager:220 - loadIPPluginJar : add fmc
2025-12-09 16:14:49,144 [INFO] IPUIPlugin:80 - create IPUIPlugin
2025-12-09 16:14:49,144 [INFO] PluginManager:220 - loadIPPluginJar : add freertos
2025-12-09 16:14:49,199 [INFO] IPUIPlugin:80 - create IPUIPlugin
2025-12-09 16:14:49,199 [INFO] PluginManager:220 - loadIPPluginJar : add genericplugin
2025-12-09 16:14:49,339 [INFO] IPUIPlugin:80 - create IPUIPlugin
2025-12-09 16:14:49,340 [INFO] PluginManager:220 - loadIPPluginJar : add gfxmmu
2025-12-09 16:14:49,570 [INFO] IPUIPlugin:80 - create IPUIPlugin
2025-12-09 16:14:49,570 [INFO] PluginManager:220 - loadIPPluginJar : add gic
2025-12-09 16:14:49,591 [INFO] IPUIPlugin:80 - create IPUIPlugin
2025-12-09 16:14:49,591 [INFO] PluginManager:220 - loadIPPluginJar : add gpio
2025-12-09 16:14:49,745 [INFO] IPUIPlugin:80 - create IPUIPlugin
2025-12-09 16:14:49,745 [INFO] PluginManager:220 - loadIPPluginJar : add gtzc
2025-12-09 16:14:49,804 [INFO] IPUIPlugin:80 - create IPUIPlugin
2025-12-09 16:14:49,804 [INFO] PluginManager:220 - loadIPPluginJar : add hash
2025-12-09 16:14:49,919 [INFO] IPUIPlugin:80 - create IPUIPlugin
2025-12-09 16:14:49,919 [INFO] PluginManager:220 - loadIPPluginJar : add i2c
2025-12-09 16:14:49,980 [INFO] IPUIPlugin:80 - create IPUIPlugin
2025-12-09 16:14:49,980 [INFO] PluginManager:220 - loadIPPluginJar : add i2s
2025-12-09 16:14:50,039 [INFO] IPUIPlugin:80 - create IPUIPlugin
2025-12-09 16:14:50,039 [INFO] PluginManager:220 - loadIPPluginJar : add i3c
2025-12-09 16:14:50,197 [INFO] IPUIPlugin:80 - create IPUIPlugin
2025-12-09 16:14:50,197 [INFO] PluginManager:220 - loadIPPluginJar : add ipddr
2025-12-09 16:14:50,340 [INFO] IPUIPlugin:80 - create IPUIPlugin
2025-12-09 16:14:50,341 [INFO] PluginManager:220 - loadIPPluginJar : add linkedlist
2025-12-09 16:14:50,439 [INFO] IPUIPlugin:80 - create IPUIPlugin
2025-12-09 16:14:50,440 [INFO] PluginManager:220 - loadIPPluginJar : add lorawan
2025-12-09 16:14:50,513 [INFO] IPUIPlugin:80 - create IPUIPlugin
2025-12-09 16:14:50,513 [INFO] PluginManager:220 - loadIPPluginJar : add ltdc
2025-12-09 16:14:50,533 [INFO] IPUIPlugin:80 - create IPUIPlugin
2025-12-09 16:14:50,534 [INFO] PluginManager:220 - loadIPPluginJar : add mdma
2025-12-09 16:14:50,549 [INFO] IPUIPlugin:80 - create IPUIPlugin
2025-12-09 16:14:50,550 [INFO] PluginManager:220 - loadIPPluginJar : add nvic
2025-12-09 16:14:50,611 [INFO] IPUIPlugin:80 - create IPUIPlugin
2025-12-09 16:14:50,611 [INFO] PluginManager:220 - loadIPPluginJar : add opamp
2025-12-09 16:14:50,703 [INFO] IPUIPlugin:80 - create IPUIPlugin
2025-12-09 16:14:50,704 [INFO] PluginManager:220 - loadIPPluginJar : add openamp
2025-12-09 16:14:50,768 [INFO] IPUIPlugin:80 - create IPUIPlugin
2025-12-09 16:14:50,769 [INFO] PluginManager:220 - loadIPPluginJar : add pdm2pcm
2025-12-09 16:14:50,790 [INFO] ThirdPartyUpdaterWithRetryManager:70 - Updater plugin not ready yet. [2/15]
2025-12-09 16:14:50,793 [INFO] IPUIPlugin:80 - create IPUIPlugin
2025-12-09 16:14:50,794 [INFO] PluginManager:220 - loadIPPluginJar : add plateformsettings
2025-12-09 16:14:50,855 [INFO] IPUIPlugin:80 - create IPUIPlugin
2025-12-09 16:14:50,855 [INFO] PluginManager:220 - loadIPPluginJar : add quadspi
2025-12-09 16:14:50,899 [INFO] IPUIPlugin:80 - create IPUIPlugin
2025-12-09 16:14:50,900 [INFO] PluginManager:220 - loadIPPluginJar : add radio
2025-12-09 16:14:50,921 [INFO] IPUIPlugin:80 - create IPUIPlugin
2025-12-09 16:14:50,921 [INFO] PluginManager:220 - loadIPPluginJar : add resmgrutility
2025-12-09 16:14:51,017 [INFO] IPUIPlugin:80 - create IPUIPlugin
2025-12-09 16:14:51,018 [INFO] PluginManager:220 - loadIPPluginJar : add sai
2025-12-09 16:14:51,098 [INFO] IPUIPlugin:80 - create IPUIPlugin
2025-12-09 16:14:51,098 [INFO] PluginManager:220 - loadIPPluginJar : add spi
2025-12-09 16:14:51,223 [INFO] IPUIPlugin:80 - create IPUIPlugin
2025-12-09 16:14:51,224 [INFO] PluginManager:220 - loadIPPluginJar : add stm32_wpan
2025-12-09 16:14:51,260 [INFO] IPUIPlugin:80 - create IPUIPlugin
2025-12-09 16:14:51,260 [INFO] PluginManager:220 - loadIPPluginJar : add tim
2025-12-09 16:14:51,367 [INFO] IPUIPlugin:80 - create IPUIPlugin
2025-12-09 16:14:51,368 [INFO] PluginManager:220 - loadIPPluginJar : add touchsensing
2025-12-09 16:14:51,418 [INFO] IPUIPlugin:80 - create IPUIPlugin
2025-12-09 16:14:51,418 [INFO] PluginManager:220 - loadIPPluginJar : add tracer_emb
2025-12-09 16:14:51,491 [INFO] IPUIPlugin:80 - create IPUIPlugin
2025-12-09 16:14:51,492 [INFO] PluginManager:220 - loadIPPluginJar : add ts
2025-12-09 16:14:51,528 [INFO] IPUIPlugin:80 - create IPUIPlugin
2025-12-09 16:14:51,528 [INFO] PluginManager:220 - loadIPPluginJar : add tsc
2025-12-09 16:14:51,561 [INFO] IPUIPlugin:80 - create IPUIPlugin
2025-12-09 16:14:51,562 [INFO] PluginManager:220 - loadIPPluginJar : add ucpd
2025-12-09 16:14:51,652 [INFO] IPUIPlugin:80 - create IPUIPlugin
2025-12-09 16:14:51,652 [INFO] PluginManager:220 - loadIPPluginJar : add usart
2025-12-09 16:14:51,738 [INFO] IPUIPlugin:80 - create IPUIPlugin
2025-12-09 16:14:51,738 [INFO] PluginManager:220 - loadIPPluginJar : add usbx
2025-12-09 16:14:51,890 [FATAL] Updater:351 - Updater called before beeing initialized
2025-12-09 16:14:51,939 [INFO] RulesReader:64 - Compatibility file has been processed (317 Rules)
2025-12-09 16:14:51,949 [INFO] RulesReader:64 - Compatibility file has been processed (317 Rules)
2025-12-09 16:14:51,956 [INFO] CADModel:165 - CPN selected for project level
2025-12-09 16:14:51,956 [INFO] CADModel:114 - Register for checkConnection events
2025-12-09 16:14:51,956 [FATAL] Updater:351 - Updater called before beeing initialized
2025-12-09 16:14:51,956 [ERROR] CADModel:125 - Updater not yet initialized, retry later 
2025-12-09 16:14:52,137 [FATAL] Updater:351 - Updater called before beeing initialized
2025-12-09 16:14:52,140 [INFO] CADModel:165 - CPN selected for project level
2025-12-09 16:14:52,140 [INFO] CADModel:114 - Register for checkConnection events
2025-12-09 16:14:52,140 [FATAL] Updater:351 - Updater called before beeing initialized
2025-12-09 16:14:52,140 [ERROR] CADModel:125 - Updater not yet initialized, retry later 
2025-12-09 16:14:52,144 [FATAL] Updater:351 - Updater called before beeing initialized
2025-12-09 16:14:52,317 [FATAL] Updater:351 - Updater called before beeing initialized
2025-12-09 16:14:52,344 [INFO] DbMcusAds:53 - JSON generation date=Fri Dec 05 10:13:14 CET 2025 (1764925994568)
2025-12-09 16:14:52,345 [FATAL] Updater:351 - Updater called before beeing initialized
2025-12-09 16:14:52,434 [WARN] DetailPanel:346 - Failed to get advertising image, set to default
2025-12-09 16:14:52,579 [FATAL] Updater:351 - Updater called before beeing initialized
2025-12-09 16:14:52,582 [FATAL] Updater:351 - Updater called before beeing initialized
2025-12-09 16:14:52,582 [FATAL] Updater:351 - Updater called before beeing initialized
2025-12-09 16:14:52,582 [WARN] DetailPanel:346 - Failed to get advertising image, set to default
2025-12-09 16:14:52,583 [FATAL] Updater:351 - Updater called before beeing initialized
2025-12-09 16:14:52,662 [ERROR] Updater:1198 - MainUpdater not yet initialized. External WinMGr cannot be set.
2025-12-09 16:14:52,678 [INFO] Updater:1134 - Updater Version found : 6.15.0
2025-12-09 16:14:52,708 [INFO] ApplicationProperties:184 - Using Application install path: C:\ST\STM32CubeIDE_1.19.0\STM32CubeIDE\plugins\com.st.stm32cube.common.mx_6.15.0.202507011659
2025-12-09 16:14:53,791 [INFO] ThirdPartyUpdaterWithRetryManager:70 - Updater plugin not ready yet. [3/15]
2025-12-09 16:14:54,308 [ERROR] LogOutputStream:75 - [STDERR_REDIRECT] Dec 09, 2025 4:14:54 PM java.util.prefs.WindowsPreferences <init>
2025-12-09 16:14:54,310 [ERROR] LogOutputStream:75 - [STDERR_REDIRECT] WARNING: Could not open/create prefs root node Software\JavaSoft\Prefs at root 0xffffffff80000002. Windows RegCreateKeyEx(...) returned error code 5.
2025-12-09 16:14:54,310 [ERROR] LogOutputStream:75 - [STDERR_REDIRECT] 
2025-12-09 16:14:54,704 [INFO] MainUpdater:2872 - connection check result : 10
2025-12-09 16:14:54,706 [INFO] MainUpdater:289 - Updater Check For Update Now.
2025-12-09 16:14:54,706 [INFO] MicroXplorer:498 - Change Database Version : DB.6.0.150
2025-12-09 16:14:54,727 [INFO] McuFinderGlobals:63 - Set McuFinder mode to 2 (CubeIDE integrated)
2025-12-09 16:14:54,742 [INFO] UserAuth:487 - Internet connection configuration mode: 1
2025-12-09 16:14:54,794 [INFO] JxBrowserEngine:152 - Initiate JxBrowser Engine with user profile folder
2025-12-09 16:14:54,992 [INFO] CheckServerUpdateThread:120 - End of CheckServer Thread
2025-12-09 16:14:56,239 [INFO] WebApp:169 - Instantiating new browser for Auth
2025-12-09 16:14:57,192 [INFO] WebApp:463 - Apply proxy settings
2025-12-09 16:14:57,193 [INFO] WebApp:548 - Chromium requires no authentication
2025-12-09 16:14:57,212 [INFO] WebApp:491 - Direct internet connection detected
2025-12-09 16:14:57,391 [INFO] WebApp:900 - Register for checkConnection events
2025-12-09 16:14:57,392 [INFO] WebApp:463 - Apply proxy settings
2025-12-09 16:14:57,392 [INFO] WebApp:548 - Chromium requires no authentication
2025-12-09 16:14:57,393 [INFO] WebApp:491 - Direct internet connection detected
2025-12-09 16:14:57,415 [WARN] PackLoader:240 - Cannot read IP mode file for STMicroelectronics.FP-SNS-MOTENVWB1.1.4.0
2025-12-09 16:14:57,624 [INFO] WebApp:191 - Connection restablished
2025-12-09 16:14:57,626 [WARN] PackLoader:240 - Cannot read IP mode file for STMicroelectronics.FP-ATR-ASTRA1.2.0.2
2025-12-09 16:14:57,714 [WARN] PackLoader:240 - Cannot read IP mode file for STMicroelectronics.X-CUBE-SMBUS.2.1.0
2025-12-09 16:14:57,930 [WARN] PackLoader:240 - Cannot read IP mode file for STMicroelectronics.X-CUBE-AZRTOS-F7.1.1.0
2025-12-09 16:14:57,984 [WARN] PackLoader:240 - Cannot read IP mode file for STMicroelectronics.FP-SNS-MOTENV1.5.1.0
2025-12-09 16:14:58,053 [WARN] PackLoader:240 - Cannot read IP mode file for WES.I-CUBE-Cesium.1.4.0
2025-12-09 16:14:58,399 [WARN] PackLoader:240 - Cannot read IP mode file for STMicroelectronics.X-CUBE-AZRTOS-H7.3.4.0
2025-12-09 16:14:58,484 [WARN] PackLoader:240 - Cannot read IP mode file for STMicroelectronics.X-CUBE-DISPLAY.3.0.0
2025-12-09 16:14:58,560 [WARN] PackLoader:240 - Cannot read IP mode file for STMicroelectronics.X-CUBE-NFC10.1.0.0
2025-12-09 16:14:58,623 [WARN] PackLoader:240 - Cannot read IP mode file for STMicroelectronics.X-CUBE-ST60.1.1.0
2025-12-09 16:14:58,651 [WARN] PackLoader:240 - Cannot read IP mode file for emotas.I-CUBE-CANOPEN.1.3.0
2025-12-09 16:14:58,674 [INFO] WebApp:225 - Starting web application
2025-12-09 16:14:58,675 [INFO] WebApp:593 - Web application path used C:\ST\STM32CubeIDE_1.19.0\STM32CubeIDE\plugins\com.st.stm32cube.common.mx_6.15.0.202507011659\db\plugins\mcufinder\reactClient1\index.html
2025-12-09 16:14:58,677 [WARN] PackLoader:240 - Cannot read IP mode file for STMicroelectronics.X-CUBE-GNSS1.7.1.0
2025-12-09 16:14:58,707 [WARN] PackLoader:240 - Cannot read IP mode file for STMicroelectronics.FP-SNS-STBOX1.2.1.0
2025-12-09 16:14:58,736 [WARN] PackLoader:240 - Cannot read IP mode file for STMicroelectronics.FP-SNS-SMARTAG2.1.2.0
2025-12-09 16:14:58,762 [WARN] PackLoader:240 - Cannot read IP mode file for STMicroelectronics.FP-SNS-FLIGHT1.5.1.0
2025-12-09 16:14:58,924 [INFO] LogOutputStream:77 - [STDOUT_REDIRECT] 1 : Invalid condition id : UX_CORESTACK_Condition cause : null
2025-12-09 16:14:58,926 [INFO] LogOutputStream:77 - [STDOUT_REDIRECT] 1 : Invalid condition id : UX_CORESTACK_Condition cause : null
2025-12-09 16:14:58,927 [INFO] LogOutputStream:77 - [STDOUT_REDIRECT] 1 : Invalid condition id : UX_CORESTACK_Condition cause : null
2025-12-09 16:14:58,928 [INFO] LogOutputStream:77 - [STDOUT_REDIRECT] 1 : Invalid condition id : UX_CORESTACK_Condition cause : null
2025-12-09 16:14:58,929 [INFO] LogOutputStream:77 - [STDOUT_REDIRECT] 1 : Invalid condition id : UX_CORESTACK_Condition cause : null
2025-12-09 16:14:58,934 [WARN] PackLoader:240 - Cannot read IP mode file for STMicroelectronics.X-CUBE-AZRTOS-WL.2.0.0
2025-12-09 16:14:59,003 [WARN] PackLoader:240 - Cannot read IP mode file for STMicroelectronics.X-CUBE-AZRTOS-H7RS.1.2.0
2025-12-09 16:14:59,030 [WARN] PackLoader:240 - Cannot read IP mode file for STMicroelectronics.X-CUBE-BLE2.3.3.0
2025-12-09 16:14:59,077 [WARN] PackLoader:240 - Cannot read IP mode file for Infineon.AIROC-Wi-Fi-Bluetooth-STM32.1.8.0
2025-12-09 16:14:59,101 [WARN] PackLoader:240 - Cannot read IP mode file for STMicroelectronics.X-CUBE-NFC9.1.0.0
2025-12-09 16:14:59,136 [WARN] PackLoader:240 - Cannot read IP mode file for STMicroelectronics.X-CUBE-BLE1.7.1.0
2025-12-09 16:14:59,154 [WARN] PackLoader:240 - Cannot read IP mode file for wolfSSL.I-CUBE-wolfMQTT.1.19.2
2025-12-09 16:14:59,178 [WARN] PackLoader:240 - Cannot read IP mode file for STMicroelectronics.X-CUBE-FREERTOS.1.4.0
2025-12-09 16:14:59,202 [WARN] PackLoader:240 - Cannot read IP mode file for STMicroelectronics.X-CUBE-EEPRMA1.5.2.0
2025-12-09 16:14:59,212 [INFO] UserAuth:487 - Internet connection configuration mode: 1
2025-12-09 16:14:59,228 [WARN] PackLoader:240 - Cannot read IP mode file for wolfSSL.I-CUBE-wolfSSL.5.8.4
2025-12-09 16:14:59,250 [WARN] PackLoader:240 - Cannot read IP mode file for Cesanta.I-CUBE-Mongoose.7.20.0
2025-12-09 16:14:59,302 [WARN] PackLoader:240 - Cannot read IP mode file for STMicroelectronics.X-CUBE-ST67W61.1.1.0
2025-12-09 16:14:59,380 [WARN] PackLoader:240 - Cannot read IP mode file for STMicroelectronics.X-CUBE-MEMS1.12.0.0
2025-12-09 16:14:59,504 [WARN] PackLoader:240 - Cannot read IP mode file for STMicroelectronics.X-CUBE-AZRTOS-G0.1.1.0
2025-12-09 16:14:59,527 [WARN] PackLoader:240 - Cannot read IP mode file for STMicroelectronics.X-CUBE-NFC4.3.0.0
2025-12-09 16:14:59,552 [WARN] PackLoader:240 - Cannot read IP mode file for EmbeddedOffice.I-CUBE-FS-RTOS.1.0.1
2025-12-09 16:14:59,571 [WARN] PackLoader:240 - Cannot read IP mode file for STMicroelectronics.X-CUBE-WB05N.2.0.0
2025-12-09 16:14:59,587 [WARN] PackLoader:240 - Cannot read IP mode file for wolfSSL.I-CUBE-wolfTPM.3.8.0
2025-12-09 16:14:59,609 [WARN] PackLoader:240 - Cannot read IP mode file for STMicroelectronics.X-CUBE-TCPP.4.2.0
2025-12-09 16:14:59,628 [WARN] PackLoader:240 - Cannot read IP mode file for RealThread.X-CUBE-RT-Thread_Nano.4.1.1
2025-12-09 16:14:59,645 [WARN] PackLoader:240 - Cannot read IP mode file for STMicroelectronics.FP-ATR-SIGFOX1.3.2.0
2025-12-09 16:14:59,667 [WARN] PackLoader:240 - Cannot read IP mode file for ITTIA_DB.I-CUBE-ITTIADB.8.9.0
2025-12-09 16:14:59,688 [WARN] PackLoader:240 - Cannot read IP mode file for STMicroelectronics.X-CUBE-AI.10.2.0
2025-12-09 16:14:59,736 [WARN] PackLoader:240 - Cannot read IP mode file for SEGGER.I-CUBE-embOS.1.3.1
2025-12-09 16:14:59,786 [WARN] PackLoader:240 - Cannot read IP mode file for STMicroelectronics.X-CUBE-ALGOBUILD.1.4.0
2025-12-09 16:14:59,809 [WARN] PackLoader:240 - Cannot read IP mode file for STMicroelectronics.X-CUBE-PM33A1.1.0.0
2025-12-09 16:14:59,845 [WARN] PackLoader:240 - Cannot read IP mode file for STMicroelectronics.X-CUBE-AZRTOS-F4.1.1.0
2025-12-09 16:14:59,867 [WARN] PackLoader:240 - Cannot read IP mode file for STMicroelectronics.X-CUBE-ISPU.2.1.0
2025-12-09 16:14:59,899 [WARN] PackLoader:240 - Cannot read IP mode file for STMicroelectronics.X-CUBE-IPS.3.2.0
2025-12-09 16:14:59,933 [WARN] PackLoader:240 - Cannot read IP mode file for STMicroelectronics.X-CUBE-NFC12.1.0.0
2025-12-09 16:14:59,996 [WARN] PackLoader:240 - Cannot read IP mode file for STMicroelectronics.X-CUBE-AZRTOS-L5.2.0.0
2025-12-09 16:15:00,023 [WARN] PackLoader:240 - Cannot read IP mode file for STMicroelectronics.X-CUBE-NFC6.3.1.0
2025-12-09 16:15:00,050 [WARN] PackLoader:240 - Cannot read IP mode file for STMicroelectronics.X-CUBE-TOUCHGFX.4.26.0
2025-12-09 16:15:00,305 [WARN] PackLoader:240 - Cannot read IP mode file for STMicroelectronics.FP-SNS-STAIOTCFT.1.0.0
2025-12-09 16:15:00,342 [WARN] PackLoader:240 - Cannot read IP mode file for STMicroelectronics.X-CUBE-DPower.1.3.0
2025-12-09 16:15:00,385 [WARN] ConditionMgr:438 - getConditionDescription Invalid condition id : LAN8742 Phy interface Condition cause : null
2025-12-09 16:15:00,386 [WARN] PackLoader:240 - Cannot read IP mode file for STMicroelectronics.X-CUBE-AZRTOS-L4.2.0.0
2025-12-09 16:15:00,387 [WARN] ConditionMgr:1044 - genDependencies : Invalid condition id : LAN8742 Phy interface Condition cause : null
2025-12-09 16:15:00,387 [WARN] ConditionMgr:1044 - genDependencies : Invalid condition id : LAN8742 Phy interface Condition cause : null
2025-12-09 16:15:00,388 [WARN] ConditionMgr:1044 - genDependencies : Invalid condition id : LAN8742 Phy interface Condition cause : null
2025-12-09 16:15:00,410 [WARN] PackLoader:240 - Cannot read IP mode file for STMicroelectronics.X-CUBE-SFXS2LP1.4.0.0
2025-12-09 16:15:00,429 [WARN] PackLoader:240 - Cannot read IP mode file for STMicroelectronics.X-CUBE-BLEMGR.4.1.0
2025-12-09 16:15:00,453 [WARN] ConditionMgr:438 - getConditionDescription Invalid condition id : UX DEVICE CLASS RTOS Condition cause : null
2025-12-09 16:15:00,454 [WARN] ConditionMgr:438 - getConditionDescription Invalid condition id : UX DEVICE CLASS RTOS Condition cause : null
2025-12-09 16:15:00,455 [WARN] PackLoader:240 - Cannot read IP mode file for STMicroelectronics.X-CUBE-AZRTOS-WB.2.0.0
2025-12-09 16:15:00,455 [WARN] ConditionMgr:1044 - genDependencies : Invalid condition id : UX DEVICE CLASS RTOS Condition cause : null
2025-12-09 16:15:00,456 [WARN] ConditionMgr:1044 - genDependencies : Invalid condition id : UX DEVICE CLASS RTOS Condition cause : null
2025-12-09 16:15:00,456 [WARN] ConditionMgr:1044 - genDependencies : Invalid condition id : UX DEVICE CLASS RTOS Condition cause : null
2025-12-09 16:15:00,456 [WARN] ConditionMgr:1044 - genDependencies : Invalid condition id : UX DEVICE CLASS RTOS Condition cause : null
2025-12-09 16:15:00,456 [WARN] ConditionMgr:1044 - genDependencies : Invalid condition id : UX DEVICE CLASS RTOS Condition cause : null
2025-12-09 16:15:00,471 [WARN] ConditionMgr:438 - getConditionDescription Invalid condition id : Cortex-A Device cause : null
2025-12-09 16:15:00,503 [WARN] ConditionMgr:1044 - genDependencies : Invalid condition id : Cortex-A Device cause : null
2025-12-09 16:15:00,504 [WARN] ConditionMgr:1044 - genDependencies : Invalid condition id : Cortex-A Device cause : null
2025-12-09 16:15:00,504 [WARN] ConditionMgr:1044 - genDependencies : Invalid condition id : Cortex-A Device cause : null
2025-12-09 16:15:00,531 [WARN] PackLoader:240 - Cannot read IP mode file for STMicroelectronics.X-CUBE-SUBG2.5.0.0
2025-12-09 16:15:00,566 [WARN] PackLoader:240 - Cannot read IP mode file for STMicroelectronics.X-CUBE-AZRTOS-G4.2.0.0
2025-12-09 16:15:00,581 [WARN] PackLoader:240 - Cannot read IP mode file for wolfSSL.I-CUBE-wolfSSH.1.4.20
2025-12-09 16:15:00,597 [WARN] PackLoader:240 - Cannot read IP mode file for STMicroelectronics.X-CUBE-NFC7.2.0.0
2025-12-09 16:15:00,614 [WARN] PackLoader:240 - Cannot read IP mode file for STMicroelectronics.X-CUBE-ALS.1.0.2
2025-12-09 16:15:00,630 [WARN] PackLoader:240 - Cannot read IP mode file for STMicroelectronics.X-CUBE-STSE01.1.0.0
2025-12-09 16:15:00,651 [WARN] PackLoader:240 - Cannot read IP mode file for STMicroelectronics.X-CUBE-TOF1.3.4.3
2025-12-09 16:15:00,657 [INFO] ThirdParty:978 - Integrity check success = true
2025-12-09 16:15:00,658 [INFO] IntegrityCheckThread:100 - exiting critical section [integrity check]
2025-12-09 16:15:00,658 [INFO] IntegrityCheckThread:103 - End integrity checks thread
